# JRE version: Java(TM) SE Runtime Environment (21.0.1+12) (build 21.0.1+12-LTS-29)
# Java VM: Java HotSpot(TM) 64-Bit Server VM (21.0.1+12-LTS-29, mixed mode, emulated-client, sharing, tiered, compressed oops, compressed class ptrs, g1 gc, windows-amd64)
GC Precious Log:
 CardTable entry size: 512
 Card Set container configuration: InlinePtr #cards 5 size 8 Array Of Cards #cards 12 size 40 Howl #buckets 4 coarsen threshold 1843 Howl Bitmap #cards 512 size 80 coarsen threshold 460 Card regions per heap region 1 cards per card region 2048
 CPUs: 2 total, 2 available
 Memory: 3918M
 Large Page Support: Disabled
 NUMA Support: Disabled
 Compressed Oops: Enabled (32-bit)
 Heap Region Size: 1M
 Heap Min Capacity: 8M
 Heap Initial Capacity: 62M
 Heap Max Capacity: 980M
 Pre-touch: Disabled
 Parallel Workers: 2
 Concurrent Workers: 1
 Concurrent Refinement Workers: 2
 Periodic GC: Disabled
Heap:
 garbage-first heap   total 62464K, used 32331K [0x00000000c2c00000, 0x0000000100000000)
  region size 1024K, 2 young (2048K), 1 survivors (1024K)
 Metaspace       used 79349K, committed 80000K, reserved 1179648K
  class space    used 11404K, committed 11648K, reserved 1048576K
GC Heap History (20 events):
Event: 928.304 GC heap after
{Heap after GC invocations=29 (full 0):
 garbage-first heap   total 62464K, used 32598K [0x00000000c2c00000, 0x0000000100000000)
  region size 1024K, 1 young (1024K), 1 survivors (1024K)
 Metaspace       used 79061K, committed 79744K, reserved 1179648K
  class space    used 11363K, committed 11648K, reserved 1048576K
}
Event: 1441.307 GC heap before
{Heap before GC invocations=30 (full 0):
 garbage-first heap   total 62464K, used 50006K [0x00000000c2c00000, 0x0000000100000000)
  region size 1024K, 18 young (18432K), 1 survivors (1024K)
 Metaspace       used 79032K, committed 79744K, reserved 1179648K
  class space    used 11355K, committed 11648K, reserved 1048576K
}
Event: 1441.424 GC heap after
{Heap after GC invocations=31 (full 0):
 garbage-first heap   total 62464K, used 32769K [0x00000000c2c00000, 0x0000000100000000)
  region size 1024K, 1 young (1024K), 1 survivors (1024K)
 Metaspace       used 79032K, committed 79744K, reserved 1179648K
  class space    used 11355K, committed 11648K, reserved 1048576K
}
Event: 2140.198 GC heap before
{Heap before GC invocations=31 (full 0):
 garbage-first heap   total 62464K, used 55297K [0x00000000c2c00000, 0x0000000100000000)
  region size 1024K, 24 young (24576K), 1 survivors (1024K)
 Metaspace       used 79049K, committed 79744K, reserved 1179648K
  class space    used 11362K, committed 11648K, reserved 1048576K
}
Event: 2141.621 GC heap after
{Heap after GC invocations=32 (full 0):
 garbage-first heap   total 62464K, used 32957K [0x00000000c2c00000, 0x0000000100000000)
  region size 1024K, 1 young (1024K), 1 survivors (1024K)
 Metaspace       used 79049K, committed 79744K, reserved 1179648K
  class space    used 11362K, committed 11648K, reserved 1048576K
}
Event: 2202.408 GC heap before
{Heap before GC invocations=32 (full 0):
 garbage-first heap   total 62464K, used 35005K [0x00000000c2c00000, 0x0000000100000000)
  region size 1024K, 3 young (3072K), 1 survivors (1024K)
 Metaspace       used 79049K, committed 79744K, reserved 1179648K
  class space    used 11362K, committed 11648K, reserved 1048576K
}
Event: 2202.596 GC heap after
{Heap after GC invocations=33 (full 0):
 garbage-first heap   total 62464K, used 32801K [0x00000000c2c00000, 0x0000000100000000)
  region size 1024K, 1 young (1024K), 1 survivors (1024K)
 Metaspace       used 79049K, committed 79744K, reserved 1179648K
  class space    used 11362K, committed 11648K, reserved 1048576K
}
Event: 2268.880 GC heap before
{Heap before GC invocations=33 (full 0):
 garbage-first heap   total 62464K, used 34849K [0x00000000c2c00000, 0x0000000100000000)
  region size 1024K, 3 young (3072K), 1 survivors (1024K)
 Metaspace       used 79049K, committed 79744K, reserved 1179648K
  class space    used 11362K, committed 11648K, reserved 1048576K
}
Event: 2269.050 GC heap after
{Heap after GC invocations=34 (full 0):
 garbage-first heap   total 62464K, used 32736K [0x00000000c2c00000, 0x0000000100000000)
  region size 1024K, 1 young (1024K), 1 survivors (1024K)
 Metaspace       used 79049K, committed 79744K, reserved 1179648K
  class space    used 11362K, committed 11648K, reserved 1048576K
}
Event: 2340.915 GC heap before
{Heap before GC invocations=35 (full 0):
 garbage-first heap   total 62464K, used 34784K [0x00000000c2c00000, 0x0000000100000000)
  region size 1024K, 3 young (3072K), 1 survivors (1024K)
 Metaspace       used 79000K, committed 79744K, reserved 1179648K
  class space    used 11348K, committed 11648K, reserved 1048576K
}
Event: 2341.059 GC heap after
{Heap after GC invocations=36 (full 0):
 garbage-first heap   total 62464K, used 32727K [0x00000000c2c00000, 0x0000000100000000)
  region size 1024K, 1 young (1024K), 1 survivors (1024K)
 Metaspace       used 79000K, committed 79744K, reserved 1179648K
  class space    used 11348K, committed 11648K, reserved 1048576K
}
Event: 2405.301 GC heap before
{Heap before GC invocations=36 (full 0):
 garbage-first heap   total 62464K, used 34775K [0x00000000c2c00000, 0x0000000100000000)
  region size 1024K, 3 young (3072K), 1 survivors (1024K)
 Metaspace       used 79000K, committed 79744K, reserved 1179648K
  class space    used 11348K, committed 11648K, reserved 1048576K
}
Event: 2410.423 GC heap after
{Heap after GC invocations=37 (full 0):
 garbage-first heap   total 62464K, used 32476K [0x00000000c2c00000, 0x0000000100000000)
  region size 1024K, 1 young (1024K), 1 survivors (1024K)
 Metaspace       used 79000K, committed 79744K, reserved 1179648K
  class space    used 11348K, committed 11648K, reserved 1048576K
}
Event: 2491.403 GC heap before
{Heap before GC invocations=37 (full 0):
 garbage-first heap   total 62464K, used 34524K [0x00000000c2c00000, 0x0000000100000000)
  region size 1024K, 3 young (3072K), 1 survivors (1024K)
 Metaspace       used 79000K, committed 79744K, reserved 1179648K
  class space    used 11348K, committed 11648K, reserved 1048576K
}
Event: 2491.810 GC heap after
{Heap after GC invocations=38 (full 0):
 garbage-first heap   total 62464K, used 32247K [0x00000000c2c00000, 0x0000000100000000)
  region size 1024K, 1 young (1024K), 1 survivors (1024K)
 Metaspace       used 79000K, committed 79744K, reserved 1179648K
  class space    used 11348K, committed 11648K, reserved 1048576K
}
Event: 2560.453 GC heap before
{Heap before GC invocations=38 (full 0):
 garbage-first heap   total 62464K, used 34295K [0x00000000c2c00000, 0x0000000100000000)
  region size 1024K, 3 young (3072K), 1 survivors (1024K)
 Metaspace       used 79000K, committed 79744K, reserved 1179648K
  class space    used 11348K, committed 11648K, reserved 1048576K
}
Event: 2560.588 GC heap after
{Heap after GC invocations=39 (full 0):
 garbage-first heap   total 62464K, used 32245K [0x00000000c2c00000, 0x0000000100000000)
  region size 1024K, 1 young (1024K), 1 survivors (1024K)
 Metaspace       used 79000K, committed 79744K, reserved 1179648K
  class space    used 11348K, committed 11648K, reserved 1048576K
}
Event: 2602.720 GC heap before
{Heap before GC invocations=40 (full 0):
 garbage-first heap   total 62464K, used 34293K [0x00000000c2c00000, 0x0000000100000000)
  region size 1024K, 3 young (3072K), 1 survivors (1024K)
 Metaspace       used 79048K, committed 79744K, reserved 1179648K
  class space    used 11362K, committed 11648K, reserved 1048576K
}
Event: 2602.759 GC heap after
{Heap after GC invocations=41 (full 0):
 garbage-first heap   total 62464K, used 32331K [0x00000000c2c00000, 0x0000000100000000)
  region size 1024K, 1 young (1024K), 1 survivors (1024K)
 Metaspace       used 79048K, committed 79744K, reserved 1179648K
  class space    used 11362K, committed 11648K, reserved 1048576K
}
Event: 2603.968 GC heap before
{Heap before GC invocations=41 (full 0):
 garbage-first heap   total 62464K, used 32331K [0x00000000c2c00000, 0x0000000100000000)
  region size 1024K, 2 young (2048K), 1 survivors (1024K)
 Metaspace       used 79349K, committed 80000K, reserved 1179648K
  class space    used 11404K, committed 11648K, reserved 1048576K
}

